# JRE version: Java(TM) SE Runtime Environment (8.0_202-b08) (build 1.8.0_202-b08)
# Java VM: Java HotSpot(TM) 64-Bit Server VM (25.202-b08 mixed mode windows-amd64 compressed oops)
Heap:
 PSYoungGen      total 617984K, used 126901K [0x000000076af80000, 0x0000000795380000, 0x00000007c0000000)
  eden space 557056K, 19% used [0x000000076af80000,0x0000000771b11e50,0x000000078cf80000)
  from space 60928K, 27% used [0x0000000791800000,0x000000079285b698,0x0000000795380000)
  to   space 67584K, 0% used [0x000000078cf80000,0x000000078cf80000,0x0000000791180000)
 ParOldGen       total 291840K, used 174928K [0x00000006c0e00000, 0x00000006d2b00000, 0x000000076af80000)
  object space 291840K, 59% used [0x00000006c0e00000,0x00000006cb8d4158,0x00000006d2b00000)
 Metaspace       used 43312K, capacity 43663K, committed 44160K, reserved 1085440K
  class space    used 7361K, capacity 7493K, committed 7552K, reserved 1048576K
GC Heap History (10 events):
Event: 6.783 GC heap before
{Heap before GC invocations=13 (full 2):
 PSYoungGen      total 323584K, used 323556K [0x000000076af80000, 0x0000000784f80000, 0x00000007c0000000)
  eden space 300544K, 100% used [0x000000076af80000,0x000000077d500000,0x000000077d500000)
  from space 23040K, 99% used [0x000000077fe80000,0x00000007814f9120,0x0000000781500000)
  to   space 42496K, 0% used [0x000000077d500000,0x000000077d500000,0x000000077fe80000)
 ParOldGen       total 123392K, used 86665K [0x00000006c0e00000, 0x00000006c8680000, 0x000000076af80000)
  object space 123392K, 70% used [0x00000006c0e00000,0x00000006c62a26f0,0x00000006c8680000)
 Metaspace       used 25904K, capacity 26109K, committed 26624K, reserved 1073152K
  class space    used 3109K, capacity 3210K, committed 3328K, reserved 1048576K
Event: 6.816 GC heap after
Heap after GC invocations=13 (full 2):
 PSYoungGen      total 343040K, used 42479K [0x000000076af80000, 0x000000078c480000, 0x00000007c0000000)
  eden space 300544K, 0% used [0x000000076af80000,0x000000076af80000,0x000000077d500000)
  from space 42496K, 99% used [0x000000077d500000,0x000000077fe7beb8,0x000000077fe80000)
  to   space 65024K, 0% used [0x0000000788500000,0x0000000788500000,0x000000078c480000)
 ParOldGen       total 129536K, used 129289K [0x00000006c0e00000, 0x00000006c8c80000, 0x000000076af80000)
  object space 129536K, 99% used [0x00000006c0e00000,0x00000006c8c42460,0x00000006c8c80000)
 Metaspace       used 25904K, capacity 26109K, committed 26624K, reserved 1073152K
  class space    used 3109K, capacity 3210K, committed 3328K, reserved 1048576K
}
Event: 6.816 GC heap before
{Heap before GC invocations=14 (full 3):
 PSYoungGen      total 343040K, used 42479K [0x000000076af80000, 0x000000078c480000, 0x00000007c0000000)
  eden space 300544K, 0% used [0x000000076af80000,0x000000076af80000,0x000000077d500000)
  from space 42496K, 99% used [0x000000077d500000,0x000000077fe7beb8,0x000000077fe80000)
  to   space 65024K, 0% used [0x0000000788500000,0x0000000788500000,0x000000078c480000)
 ParOldGen       total 129536K, used 129289K [0x00000006c0e00000, 0x00000006c8c80000, 0x000000076af80000)
  object space 129536K, 99% used [0x00000006c0e00000,0x00000006c8c42460,0x00000006c8c80000)
 Metaspace       used 25904K, capacity 26109K, committed 26624K, reserved 1073152K
  class space    used 3109K, capacity 3210K, committed 3328K, reserved 1048576K
Event: 6.868 GC heap after
Heap after GC invocations=14 (full 3):
 PSYoungGen      total 343040K, used 485K [0x000000076af80000, 0x000000078c480000, 0x00000007c0000000)
  eden space 300544K, 0% used [0x000000076af80000,0x000000076af80000,0x000000077d500000)
  from space 42496K, 1% used [0x000000077d500000,0x000000077d5795c8,0x000000077fe80000)
  to   space 65024K, 0% used [0x0000000788500000,0x0000000788500000,0x000000078c480000)
 ParOldGen       total 291840K, used 129149K [0x00000006c0e00000, 0x00000006d2b00000, 0x000000076af80000)
  object space 291840K, 44% used [0x00000006c0e00000,0x00000006c8c1f7c0,0x00000006d2b00000)
 Metaspace       used 25904K, capacity 26109K, committed 26624K, reserved 1073152K
  class space    used 3109K, capacity 3210K, committed 3328K, reserved 1048576K
}
Event: 7.709 GC heap before
{Heap before GC invocations=15 (full 3):
 PSYoungGen      total 343040K, used 301029K [0x000000076af80000, 0x000000078c480000, 0x00000007c0000000)
  eden space 300544K, 100% used [0x000000076af80000,0x000000077d500000,0x000000077d500000)
  from space 42496K, 1% used [0x000000077d500000,0x000000077d5795c8,0x000000077fe80000)
  to   space 65024K, 0% used [0x0000000788500000,0x0000000788500000,0x000000078c480000)
 ParOldGen       total 291840K, used 129149K [0x00000006c0e00000, 0x00000006d2b00000, 0x000000076af80000)
  object space 291840K, 44% used [0x00000006c0e00000,0x00000006c8c1f7c0,0x00000006d2b00000)
 Metaspace       used 27151K, capacity 27427K, committed 27776K, reserved 1073152K
  class space    used 3289K, capacity 3371K, committed 3456K, reserved 1048576K
Event: 7.735 GC heap after
Heap after GC invocations=15 (full 3):
 PSYoungGen      total 472064K, used 58552K [0x000000076af80000, 0x000000078d800000, 0x00000007c0000000)
  eden space 407040K, 0% used [0x000000076af80000,0x000000076af80000,0x0000000783d00000)
  from space 65024K, 90% used [0x0000000788500000,0x000000078be2e190,0x000000078c480000)
  to   space 73728K, 0% used [0x0000000783d00000,0x0000000783d00000,0x0000000788500000)
 ParOldGen       total 291840K, used 129627K [0x00000006c0e00000, 0x00000006d2b00000, 0x000000076af80000)
  object space 291840K, 44% used [0x00000006c0e00000,0x00000006c8c96d28,0x00000006d2b00000)
 Metaspace       used 27151K, capacity 27427K, committed 27776K, reserved 1073152K
  class space    used 3289K, capacity 3371K, committed 3456K, reserved 1048576K
}
Event: 8.831 GC heap before
{Heap before GC invocations=16 (full 3):
 PSYoungGen      total 472064K, used 465592K [0x000000076af80000, 0x000000078d800000, 0x00000007c0000000)
  eden space 407040K, 100% used [0x000000076af80000,0x0000000783d00000,0x0000000783d00000)
  from space 65024K, 90% used [0x0000000788500000,0x000000078be2e190,0x000000078c480000)
  to   space 73728K, 0% used [0x0000000783d00000,0x0000000783d00000,0x0000000788500000)
 ParOldGen       total 291840K, used 129627K [0x00000006c0e00000, 0x00000006d2b00000, 0x000000076af80000)
  object space 291840K, 44% used [0x00000006c0e00000,0x00000006c8c96d28,0x00000006d2b00000)
 Metaspace       used 34810K, capacity 35145K, committed 35584K, reserved 1079296K
  class space    used 4895K, capacity 5020K, committed 5120K, reserved 1048576K
Event: 8.847 GC heap after
Heap after GC invocations=16 (full 3):
 PSYoungGen      total 480768K, used 19624K [0x000000076af80000, 0x0000000795c80000, 0x00000007c0000000)
  eden space 407040K, 0% used [0x000000076af80000,0x000000076af80000,0x0000000783d00000)
  from space 73728K, 26% used [0x0000000783d00000,0x000000078502a288,0x0000000788500000)
  to   space 70144K, 0% used [0x0000000791800000,0x0000000791800000,0x0000000795c80000)
 ParOldGen       total 291840K, used 161901K [0x00000006c0e00000, 0x00000006d2b00000, 0x000000076af80000)
  object space 291840K, 55% used [0x00000006c0e00000,0x00000006cac1b730,0x00000006d2b00000)
 Metaspace       used 34810K, capacity 35145K, committed 35584K, reserved 1079296K
  class space    used 4895K, capacity 5020K, committed 5120K, reserved 1048576K
}
Event: 9.521 GC heap before
{Heap before GC invocations=17 (full 3):
 PSYoungGen      total 480768K, used 426664K [0x000000076af80000, 0x0000000795c80000, 0x00000007c0000000)
  eden space 407040K, 100% used [0x000000076af80000,0x0000000783d00000,0x0000000783d00000)
  from space 73728K, 26% used [0x0000000783d00000,0x000000078502a288,0x0000000788500000)
  to   space 70144K, 0% used [0x0000000791800000,0x0000000791800000,0x0000000795c80000)
 ParOldGen       total 291840K, used 161901K [0x00000006c0e00000, 0x00000006d2b00000, 0x000000076af80000)
  object space 291840K, 55% used [0x00000006c0e00000,0x00000006cac1b730,0x00000006d2b00000)
 Metaspace       used 42161K, capacity 42479K, committed 43008K, reserved 1085440K
  class space    used 7197K, capacity 7333K, committed 7424K, reserved 1048576K
Event: 9.531 GC heap after
Heap after GC invocations=17 (full 3):
 PSYoungGen      total 617984K, used 16749K [0x000000076af80000, 0x0000000795380000, 0x00000007c0000000)
  eden space 557056K, 0% used [0x000000076af80000,0x000000076af80000,0x000000078cf80000)
  from space 60928K, 27% used [0x0000000791800000,0x000000079285b698,0x0000000795380000)
  to   space 67584K, 0% used [0x000000078cf80000,0x000000078cf80000,0x0000000791180000)
 ParOldGen       total 291840K, used 174928K [0x00000006c0e00000, 0x00000006d2b00000, 0x000000076af80000)
  object space 291840K, 59% used [0x00000006c0e00000,0x00000006cb8d4158,0x00000006d2b00000)
 Metaspace       used 42161K, capacity 42479K, committed 43008K, reserved 1085440K
  class space    used 7197K, capacity 7333K, committed 7424K, reserved 1048576K
}

