# JRE version: Java(TM) SE Runtime Environment (8.0_202-b08) (build 1.8.0_202-b08)
# Java VM: Java HotSpot(TM) 64-Bit Server VM (25.202-b08 mixed mode windows-amd64 compressed oops)
Heap:
 PSYoungGen      total 617984K, used 138452K [0x000000076af80000, 0x0000000795400000, 0x00000007c0000000)
  eden space 557568K, 21% used [0x000000076af80000,0x0000000772661af8,0x000000078d000000)
  from space 60416K, 27% used [0x0000000791900000,0x0000000792953828,0x0000000795400000)
  to   space 67584K, 0% used [0x000000078d000000,0x000000078d000000,0x0000000791200000)
 ParOldGen       total 292864K, used 177772K [0x00000006c0e00000, 0x00000006d2c00000, 0x000000076af80000)
  object space 292864K, 60% used [0x00000006c0e00000,0x00000006cbb9b168,0x00000006d2c00000)
 Metaspace       used 43628K, capacity 43945K, committed 44376K, reserved 1085440K
  class space    used 7455K, capacity 7588K, committed 7680K, reserved 1048576K
GC Heap History (10 events):
Event: 6.621 GC heap before
{Heap before GC invocations=13 (full 2):
 PSYoungGen      total 326144K, used 326135K [0x000000076af80000, 0x0000000784c00000, 0x00000007c0000000)
  eden space 302592K, 100% used [0x000000076af80000,0x000000077d700000,0x000000077d700000)
  from space 23552K, 99% used [0x0000000780080000,0x000000078177dd20,0x0000000781780000)
  to   space 42496K, 0% used [0x000000077d700000,0x000000077d700000,0x0000000780080000)
 ParOldGen       total 122880K, used 86945K [0x00000006c0e00000, 0x00000006c8600000, 0x000000076af80000)
  object space 122880K, 70% used [0x00000006c0e00000,0x00000006c62e86c0,0x00000006c8600000)
 Metaspace       used 25873K, capacity 26103K, committed 26624K, reserved 1073152K
  class space    used 3110K, capacity 3209K, committed 3328K, reserved 1048576K
Event: 6.654 GC heap after
Heap after GC invocations=13 (full 2):
 PSYoungGen      total 345088K, used 42482K [0x000000076af80000, 0x000000078c600000, 0x00000007c0000000)
  eden space 302592K, 0% used [0x000000076af80000,0x000000076af80000,0x000000077d700000)
  from space 42496K, 99% used [0x000000077d700000,0x000000078007cb00,0x0000000780080000)
  to   space 65024K, 0% used [0x0000000788680000,0x0000000788680000,0x000000078c600000)
 ParOldGen       total 130048K, used 129597K [0x00000006c0e00000, 0x00000006c8d00000, 0x000000076af80000)
  object space 130048K, 99% used [0x00000006c0e00000,0x00000006c8c8f5c8,0x00000006c8d00000)
 Metaspace       used 25873K, capacity 26103K, committed 26624K, reserved 1073152K
  class space    used 3110K, capacity 3209K, committed 3328K, reserved 1048576K
}
Event: 6.654 GC heap before
{Heap before GC invocations=14 (full 3):
 PSYoungGen      total 345088K, used 42482K [0x000000076af80000, 0x000000078c600000, 0x00000007c0000000)
  eden space 302592K, 0% used [0x000000076af80000,0x000000076af80000,0x000000077d700000)
  from space 42496K, 99% used [0x000000077d700000,0x000000078007cb00,0x0000000780080000)
  to   space 65024K, 0% used [0x0000000788680000,0x0000000788680000,0x000000078c600000)
 ParOldGen       total 130048K, used 129597K [0x00000006c0e00000, 0x00000006c8d00000, 0x000000076af80000)
  object space 130048K, 99% used [0x00000006c0e00000,0x00000006c8c8f5c8,0x00000006c8d00000)
 Metaspace       used 25873K, capacity 26103K, committed 26624K, reserved 1073152K
  class space    used 3110K, capacity 3209K, committed 3328K, reserved 1048576K
Event: 6.708 GC heap after
Heap after GC invocations=14 (full 3):
 PSYoungGen      total 345088K, used 2317K [0x000000076af80000, 0x000000078c600000, 0x00000007c0000000)
  eden space 302592K, 0% used [0x000000076af80000,0x000000076af80000,0x000000077d700000)
  from space 42496K, 5% used [0x000000077d700000,0x000000077d9436d8,0x0000000780080000)
  to   space 65024K, 0% used [0x0000000788680000,0x0000000788680000,0x000000078c600000)
 ParOldGen       total 292864K, used 129635K [0x00000006c0e00000, 0x00000006d2c00000, 0x000000076af80000)
  object space 292864K, 44% used [0x00000006c0e00000,0x00000006c8c98e08,0x00000006d2c00000)
 Metaspace       used 25873K, capacity 26103K, committed 26624K, reserved 1073152K
  class space    used 3110K, capacity 3209K, committed 3328K, reserved 1048576K
}
Event: 7.528 GC heap before
{Heap before GC invocations=15 (full 3):
 PSYoungGen      total 345088K, used 304909K [0x000000076af80000, 0x000000078c600000, 0x00000007c0000000)
  eden space 302592K, 100% used [0x000000076af80000,0x000000077d700000,0x000000077d700000)
  from space 42496K, 5% used [0x000000077d700000,0x000000077d9436d8,0x0000000780080000)
  to   space 65024K, 0% used [0x0000000788680000,0x0000000788680000,0x000000078c600000)
 ParOldGen       total 292864K, used 129635K [0x00000006c0e00000, 0x00000006d2c00000, 0x000000076af80000)
  object space 292864K, 44% used [0x00000006c0e00000,0x00000006c8c98e08,0x00000006d2c00000)
 Metaspace       used 27278K, capacity 27517K, committed 27776K, reserved 1073152K
  class space    used 3307K, capacity 3402K, committed 3456K, reserved 1048576K
Event: 7.553 GC heap after
Heap after GC invocations=15 (full 3):
 PSYoungGen      total 473600K, used 58065K [0x000000076af80000, 0x000000078d780000, 0x00000007c0000000)
  eden space 408576K, 0% used [0x000000076af80000,0x000000076af80000,0x0000000783e80000)
  from space 65024K, 89% used [0x0000000788680000,0x000000078bf345e0,0x000000078c600000)
  to   space 73728K, 0% used [0x0000000783e80000,0x0000000783e80000,0x0000000788680000)
 ParOldGen       total 292864K, used 132058K [0x00000006c0e00000, 0x00000006d2c00000, 0x000000076af80000)
  object space 292864K, 45% used [0x00000006c0e00000,0x00000006c8ef6b30,0x00000006d2c00000)
 Metaspace       used 27278K, capacity 27517K, committed 27776K, reserved 1073152K
  class space    used 3307K, capacity 3402K, committed 3456K, reserved 1048576K
}
Event: 8.381 GC heap before
{Heap before GC invocations=16 (full 3):
 PSYoungGen      total 473600K, used 466641K [0x000000076af80000, 0x000000078d780000, 0x00000007c0000000)
  eden space 408576K, 100% used [0x000000076af80000,0x0000000783e80000,0x0000000783e80000)
  from space 65024K, 89% used [0x0000000788680000,0x000000078bf345e0,0x000000078c600000)
  to   space 73728K, 0% used [0x0000000783e80000,0x0000000783e80000,0x0000000788680000)
 ParOldGen       total 292864K, used 132058K [0x00000006c0e00000, 0x00000006d2c00000, 0x000000076af80000)
  object space 292864K, 45% used [0x00000006c0e00000,0x00000006c8ef6b30,0x00000006d2c00000)
 Metaspace       used 34974K, capacity 35311K, committed 35584K, reserved 1079296K
  class space    used 4971K, capacity 5117K, committed 5120K, reserved 1048576K
Event: 8.395 GC heap after
Heap after GC invocations=16 (full 3):
 PSYoungGen      total 482304K, used 19903K [0x000000076af80000, 0x0000000795e00000, 0x00000007c0000000)
  eden space 408576K, 0% used [0x000000076af80000,0x000000076af80000,0x0000000783e80000)
  from space 73728K, 26% used [0x0000000783e80000,0x00000007851efe10,0x0000000788680000)
  to   space 70656K, 0% used [0x0000000791900000,0x0000000791900000,0x0000000795e00000)
 ParOldGen       total 292864K, used 164463K [0x00000006c0e00000, 0x00000006d2c00000, 0x000000076af80000)
  object space 292864K, 56% used [0x00000006c0e00000,0x00000006cae9bc28,0x00000006d2c00000)
 Metaspace       used 34974K, capacity 35311K, committed 35584K, reserved 1079296K
  class space    used 4971K, capacity 5117K, committed 5120K, reserved 1048576K
}
Event: 9.031 GC heap before
{Heap before GC invocations=17 (full 3):
 PSYoungGen      total 482304K, used 428479K [0x000000076af80000, 0x0000000795e00000, 0x00000007c0000000)
  eden space 408576K, 100% used [0x000000076af80000,0x0000000783e80000,0x0000000783e80000)
  from space 73728K, 26% used [0x0000000783e80000,0x00000007851efe10,0x0000000788680000)
  to   space 70656K, 0% used [0x0000000791900000,0x0000000791900000,0x0000000795e00000)
 ParOldGen       total 292864K, used 164463K [0x00000006c0e00000, 0x00000006d2c00000, 0x000000076af80000)
  object space 292864K, 56% used [0x00000006c0e00000,0x00000006cae9bc28,0x00000006d2c00000)
 Metaspace       used 42420K, capacity 42729K, committed 43264K, reserved 1085440K
  class space    used 7279K, capacity 7396K, committed 7424K, reserved 1048576K
Event: 9.040 GC heap after
Heap after GC invocations=17 (full 3):
 PSYoungGen      total 617984K, used 16718K [0x000000076af80000, 0x0000000795400000, 0x00000007c0000000)
  eden space 557568K, 0% used [0x000000076af80000,0x000000076af80000,0x000000078d000000)
  from space 60416K, 27% used [0x0000000791900000,0x0000000792953828,0x0000000795400000)
  to   space 67584K, 0% used [0x000000078d000000,0x000000078d000000,0x0000000791200000)
 ParOldGen       total 292864K, used 177772K [0x00000006c0e00000, 0x00000006d2c00000, 0x000000076af80000)
  object space 292864K, 60% used [0x00000006c0e00000,0x00000006cbb9b168,0x00000006d2c00000)
 Metaspace       used 42420K, capacity 42729K, committed 43264K, reserved 1085440K
  class space    used 7279K, capacity 7396K, committed 7424K, reserved 1048576K
}

