# JRE version: OpenJDK Runtime Environment (8.0_342-b07) (build 1.8.0_342-b07)
# Java VM: OpenJDK 64-Bit Server VM (25.342-b07 mixed mode windows-amd64 compressed oops)
Heap:
 PSYoungGen      total 547840K, used 285160K [0x000000076af80000, 0x0000000790d80000, 0x00000007c0000000)
  eden space 486400K, 55% used [0x000000076af80000,0x000000077b744ae0,0x0000000788a80000)
  from space 61440K, 24% used [0x000000078d180000,0x000000078e035540,0x0000000790d80000)
  to   space 67072K, 0% used [0x0000000788a80000,0x0000000788a80000,0x000000078cc00000)
 ParOldGen       total 301056K, used 172099K [0x00000006c0e00000, 0x00000006d3400000, 0x000000076af80000)
  object space 301056K, 57% used [0x00000006c0e00000,0x00000006cb610fc0,0x00000006d3400000)
 Metaspace       used 43485K, capacity 43797K, committed 44160K, reserved 1085440K
  class space    used 7363K, capacity 7494K, committed 7552K, reserved 1048576K
GC Heap History (10 events):
Event: 6.708 GC heap before
{Heap before GC invocations=13 (full 2):
 PSYoungGen      total 299008K, used 299005K [0x000000076af80000, 0x0000000784000000, 0x00000007c0000000)
  eden space 278016K, 100% used [0x000000076af80000,0x000000077bf00000,0x000000077bf00000)
  from space 20992K, 99% used [0x000000077e600000,0x000000077fa7f5e8,0x000000077fa80000)
  to   space 39936K, 0% used [0x000000077bf00000,0x000000077bf00000,0x000000077e600000)
 ParOldGen       total 126464K, used 83413K [0x00000006c0e00000, 0x00000006c8980000, 0x000000076af80000)
  object space 126464K, 65% used [0x00000006c0e00000,0x00000006c5f75670,0x00000006c8980000)
 Metaspace       used 26105K, capacity 26307K, committed 26624K, reserved 1073152K
  class space    used 3114K, capacity 3211K, committed 3328K, reserved 1048576K
Event: 6.740 GC heap after
Heap after GC invocations=13 (full 2):
 PSYoungGen      total 317952K, used 39920K [0x000000076af80000, 0x0000000789480000, 0x00000007c0000000)
  eden space 278016K, 0% used [0x000000076af80000,0x000000076af80000,0x000000077bf00000)
  from space 39936K, 99% used [0x000000077bf00000,0x000000077e5fc158,0x000000077e600000)
  to   space 61440K, 0% used [0x0000000785880000,0x0000000785880000,0x0000000789480000)
 ParOldGen       total 126464K, used 123854K [0x00000006c0e00000, 0x00000006c8980000, 0x000000076af80000)
  object space 126464K, 97% used [0x00000006c0e00000,0x00000006c86f3b48,0x00000006c8980000)
 Metaspace       used 26105K, capacity 26307K, committed 26624K, reserved 1073152K
  class space    used 3114K, capacity 3211K, committed 3328K, reserved 1048576K
}
Event: 6.740 GC heap before
{Heap before GC invocations=14 (full 3):
 PSYoungGen      total 317952K, used 39920K [0x000000076af80000, 0x0000000789480000, 0x00000007c0000000)
  eden space 278016K, 0% used [0x000000076af80000,0x000000076af80000,0x000000077bf00000)
  from space 39936K, 99% used [0x000000077bf00000,0x000000077e5fc158,0x000000077e600000)
  to   space 61440K, 0% used [0x0000000785880000,0x0000000785880000,0x0000000789480000)
 ParOldGen       total 126464K, used 123854K [0x00000006c0e00000, 0x00000006c8980000, 0x000000076af80000)
  object space 126464K, 97% used [0x00000006c0e00000,0x00000006c86f3b48,0x00000006c8980000)
 Metaspace       used 26105K, capacity 26307K, committed 26624K, reserved 1073152K
  class space    used 3114K, capacity 3211K, committed 3328K, reserved 1048576K
Event: 6.804 GC heap after
Heap after GC invocations=14 (full 3):
 PSYoungGen      total 317952K, used 10052K [0x000000076af80000, 0x0000000789480000, 0x00000007c0000000)
  eden space 278016K, 0% used [0x000000076af80000,0x000000076af80000,0x000000077bf00000)
  from space 39936K, 25% used [0x000000077bf00000,0x000000077c8d1330,0x000000077e600000)
  to   space 61440K, 0% used [0x0000000785880000,0x0000000785880000,0x0000000789480000)
 ParOldGen       total 301056K, used 126021K [0x00000006c0e00000, 0x00000006d3400000, 0x000000076af80000)
  object space 301056K, 41% used [0x00000006c0e00000,0x00000006c89115a8,0x00000006d3400000)
 Metaspace       used 26105K, capacity 26307K, committed 26624K, reserved 1073152K
  class space    used 3114K, capacity 3211K, committed 3328K, reserved 1048576K
}
Event: 7.608 GC heap before
{Heap before GC invocations=15 (full 3):
 PSYoungGen      total 317952K, used 288068K [0x000000076af80000, 0x0000000789480000, 0x00000007c0000000)
  eden space 278016K, 100% used [0x000000076af80000,0x000000077bf00000,0x000000077bf00000)
  from space 39936K, 25% used [0x000000077bf00000,0x000000077c8d1330,0x000000077e600000)
  to   space 61440K, 0% used [0x0000000785880000,0x0000000785880000,0x0000000789480000)
 ParOldGen       total 301056K, used 126021K [0x00000006c0e00000, 0x00000006d3400000, 0x000000076af80000)
  object space 301056K, 41% used [0x00000006c0e00000,0x00000006c89115a8,0x00000006d3400000)
 Metaspace       used 26450K, capacity 26697K, committed 27136K, reserved 1073152K
  class space    used 3167K, capacity 3276K, committed 3328K, reserved 1048576K
Event: 7.637 GC heap after
Heap after GC invocations=15 (full 3):
 PSYoungGen      total 423936K, used 61430K [0x000000076af80000, 0x000000078af00000, 0x00000007c0000000)
  eden space 362496K, 0% used [0x000000076af80000,0x000000076af80000,0x0000000781180000)
  from space 61440K, 99% used [0x0000000785880000,0x000000078947d970,0x0000000789480000)
  to   space 72704K, 0% used [0x0000000781180000,0x0000000781180000,0x0000000785880000)
 ParOldGen       total 301056K, used 128331K [0x00000006c0e00000, 0x00000006d3400000, 0x000000076af80000)
  object space 301056K, 42% used [0x00000006c0e00000,0x00000006c8b52e08,0x00000006d3400000)
 Metaspace       used 26450K, capacity 26697K, committed 27136K, reserved 1073152K
  class space    used 3167K, capacity 3276K, committed 3328K, reserved 1048576K
}
Event: 8.516 GC heap before
{Heap before GC invocations=16 (full 3):
 PSYoungGen      total 423936K, used 423926K [0x000000076af80000, 0x000000078af00000, 0x00000007c0000000)
  eden space 362496K, 100% used [0x000000076af80000,0x0000000781180000,0x0000000781180000)
  from space 61440K, 99% used [0x0000000785880000,0x000000078947d970,0x0000000789480000)
  to   space 72704K, 0% used [0x0000000781180000,0x0000000781180000,0x0000000785880000)
 ParOldGen       total 301056K, used 128331K [0x00000006c0e00000, 0x00000006d3400000, 0x000000076af80000)
  object space 301056K, 42% used [0x00000006c0e00000,0x00000006c8b52e08,0x00000006d3400000)
 Metaspace       used 32690K, capacity 32983K, committed 33280K, reserved 1079296K
  class space    used 4207K, capacity 4345K, committed 4352K, reserved 1048576K
Event: 8.529 GC heap after
Heap after GC invocations=16 (full 3):
 PSYoungGen      total 435200K, used 19978K [0x000000076af80000, 0x0000000791500000, 0x00000007c0000000)
  eden space 362496K, 0% used [0x000000076af80000,0x000000076af80000,0x0000000781180000)
  from space 72704K, 27% used [0x0000000781180000,0x0000000782502b98,0x0000000785880000)
  to   space 69120K, 0% used [0x000000078d180000,0x000000078d180000,0x0000000791500000)
 ParOldGen       total 301056K, used 157635K [0x00000006c0e00000, 0x00000006d3400000, 0x000000076af80000)
  object space 301056K, 52% used [0x00000006c0e00000,0x00000006ca7f0e30,0x00000006d3400000)
 Metaspace       used 32690K, capacity 32983K, committed 33280K, reserved 1079296K
  class space    used 4207K, capacity 4345K, committed 4352K, reserved 1048576K
}
Event: 9.198 GC heap before
{Heap before GC invocations=17 (full 3):
 PSYoungGen      total 435200K, used 382474K [0x000000076af80000, 0x0000000791500000, 0x00000007c0000000)
  eden space 362496K, 100% used [0x000000076af80000,0x0000000781180000,0x0000000781180000)
  from space 72704K, 27% used [0x0000000781180000,0x0000000782502b98,0x0000000785880000)
  to   space 69120K, 0% used [0x000000078d180000,0x000000078d180000,0x0000000791500000)
 ParOldGen       total 301056K, used 157635K [0x00000006c0e00000, 0x00000006d3400000, 0x000000076af80000)
  object space 301056K, 52% used [0x00000006c0e00000,0x00000006ca7f0e30,0x00000006d3400000)
 Metaspace       used 39835K, capacity 40135K, committed 40576K, reserved 1083392K
  class space    used 6800K, capacity 6913K, committed 7040K, reserved 1048576K
Event: 9.207 GC heap after
Heap after GC invocations=17 (full 3):
 PSYoungGen      total 547840K, used 15061K [0x000000076af80000, 0x0000000790d80000, 0x00000007c0000000)
  eden space 486400K, 0% used [0x000000076af80000,0x000000076af80000,0x0000000788a80000)
  from space 61440K, 24% used [0x000000078d180000,0x000000078e035540,0x0000000790d80000)
  to   space 67072K, 0% used [0x0000000788a80000,0x0000000788a80000,0x000000078cc00000)
 ParOldGen       total 301056K, used 172099K [0x00000006c0e00000, 0x00000006d3400000, 0x000000076af80000)
  object space 301056K, 57% used [0x00000006c0e00000,0x00000006cb610fc0,0x00000006d3400000)
 Metaspace       used 39835K, capacity 40135K, committed 40576K, reserved 1083392K
  class space    used 6800K, capacity 6913K, committed 7040K, reserved 1048576K
}

