# JRE version: Java(TM) SE Runtime Environment (8.0_202-b08) (build 1.8.0_202-b08)
# Java VM: Java HotSpot(TM) 64-Bit Server VM (25.202-b08 mixed mode windows-amd64 compressed oops)
Heap:
 PSYoungGen      total 506368K, used 436176K [0x000000076af80000, 0x000000078e180000, 0x00000007c0000000)
  eden space 436736K, 96% used [0x000000076af80000,0x0000000784c20448,0x0000000785a00000)
  from space 69632K, 19% used [0x0000000789c00000,0x000000078a953d20,0x000000078e000000)
  to   space 67584K, 0% used [0x0000000785a00000,0x0000000785a00000,0x0000000789c00000)
 ParOldGen       total 286720K, used 149730K [0x00000006c0e00000, 0x00000006d2600000, 0x000000076af80000)
  object space 286720K, 52% used [0x00000006c0e00000,0x00000006ca038bc8,0x00000006d2600000)
 Metaspace       used 43289K, capacity 43663K, committed 44160K, reserved 1085440K
  class space    used 7358K, capacity 7493K, committed 7552K, reserved 1048576K
GC Heap History (10 events):
Event: 6.791 GC heap before
{Heap before GC invocations=13 (full 2):
 PSYoungGen      total 269824K, used 269814K [0x000000076af80000, 0x0000000782900000, 0x00000007c0000000)
  eden space 246784K, 100% used [0x000000076af80000,0x000000077a080000,0x000000077a080000)
  from space 23040K, 99% used [0x000000077c700000,0x000000077dd7db78,0x000000077dd80000)
  to   space 39424K, 0% used [0x000000077a080000,0x000000077a080000,0x000000077c700000)
 ParOldGen       total 135680K, used 70123K [0x00000006c0e00000, 0x00000006c9280000, 0x000000076af80000)
  object space 135680K, 51% used [0x00000006c0e00000,0x00000006c527ac10,0x00000006c9280000)
 Metaspace       used 25881K, capacity 26109K, committed 26624K, reserved 1073152K
  class space    used 3108K, capacity 3210K, committed 3328K, reserved 1048576K
Event: 6.818 GC heap after
Heap after GC invocations=13 (full 2):
 PSYoungGen      total 286208K, used 39407K [0x000000076af80000, 0x0000000786400000, 0x00000007c0000000)
  eden space 246784K, 0% used [0x000000076af80000,0x000000076af80000,0x000000077a080000)
  from space 39424K, 99% used [0x000000077a080000,0x000000077c6fbd50,0x000000077c700000)
  to   space 59392K, 0% used [0x0000000782a00000,0x0000000782a00000,0x0000000786400000)
 ParOldGen       total 135680K, used 106288K [0x00000006c0e00000, 0x00000006c9280000, 0x000000076af80000)
  object space 135680K, 78% used [0x00000006c0e00000,0x00000006c75cc348,0x00000006c9280000)
 Metaspace       used 25881K, capacity 26109K, committed 26624K, reserved 1073152K
  class space    used 3108K, capacity 3210K, committed 3328K, reserved 1048576K
}
Event: 6.818 GC heap before
{Heap before GC invocations=14 (full 3):
 PSYoungGen      total 286208K, used 39407K [0x000000076af80000, 0x0000000786400000, 0x00000007c0000000)
  eden space 246784K, 0% used [0x000000076af80000,0x000000076af80000,0x000000077a080000)
  from space 39424K, 99% used [0x000000077a080000,0x000000077c6fbd50,0x000000077c700000)
  to   space 59392K, 0% used [0x0000000782a00000,0x0000000782a00000,0x0000000786400000)
 ParOldGen       total 135680K, used 106288K [0x00000006c0e00000, 0x00000006c9280000, 0x000000076af80000)
  object space 135680K, 78% used [0x00000006c0e00000,0x00000006c75cc348,0x00000006c9280000)
 Metaspace       used 25881K, capacity 26109K, committed 26624K, reserved 1073152K
  class space    used 3108K, capacity 3210K, committed 3328K, reserved 1048576K
Event: 6.873 GC heap after
Heap after GC invocations=14 (full 3):
 PSYoungGen      total 286208K, used 0K [0x000000076af80000, 0x0000000786400000, 0x00000007c0000000)
  eden space 246784K, 0% used [0x000000076af80000,0x000000076af80000,0x000000077a080000)
  from space 39424K, 0% used [0x000000077a080000,0x000000077a080000,0x000000077c700000)
  to   space 59392K, 0% used [0x0000000782a00000,0x0000000782a00000,0x0000000786400000)
 ParOldGen       total 286720K, used 109024K [0x00000006c0e00000, 0x00000006d2600000, 0x000000076af80000)
  object space 286720K, 38% used [0x00000006c0e00000,0x00000006c78780e8,0x00000006d2600000)
 Metaspace       used 25881K, capacity 26109K, committed 26624K, reserved 1073152K
  class space    used 3108K, capacity 3210K, committed 3328K, reserved 1048576K
}
Event: 7.717 GC heap before
{Heap before GC invocations=15 (full 3):
 PSYoungGen      total 286208K, used 246784K [0x000000076af80000, 0x0000000786400000, 0x00000007c0000000)
  eden space 246784K, 100% used [0x000000076af80000,0x000000077a080000,0x000000077a080000)
  from space 39424K, 0% used [0x000000077a080000,0x000000077a080000,0x000000077c700000)
  to   space 59392K, 0% used [0x0000000782a00000,0x0000000782a00000,0x0000000786400000)
 ParOldGen       total 286720K, used 109024K [0x00000006c0e00000, 0x00000006d2600000, 0x000000076af80000)
  object space 286720K, 38% used [0x00000006c0e00000,0x00000006c78780e8,0x00000006d2600000)
 Metaspace       used 26245K, capacity 26499K, committed 26880K, reserved 1073152K
  class space    used 3161K, capacity 3275K, committed 3328K, reserved 1048576K
Event: 7.741 GC heap after
Heap after GC invocations=15 (full 3):
 PSYoungGen      total 380928K, used 49277K [0x000000076af80000, 0x0000000787600000, 0x00000007c0000000)
  eden space 321536K, 0% used [0x000000076af80000,0x000000076af80000,0x000000077e980000)
  from space 59392K, 82% used [0x0000000782a00000,0x0000000785a1f450,0x0000000786400000)
  to   space 66048K, 0% used [0x000000077e980000,0x000000077e980000,0x0000000782a00000)
 ParOldGen       total 286720K, used 109032K [0x00000006c0e00000, 0x00000006d2600000, 0x000000076af80000)
  object space 286720K, 38% used [0x00000006c0e00000,0x00000006c787a0e8,0x00000006d2600000)
 Metaspace       used 26245K, capacity 26499K, committed 26880K, reserved 1073152K
  class space    used 3161K, capacity 3275K, committed 3328K, reserved 1048576K
}
Event: 8.440 GC heap before
{Heap before GC invocations=16 (full 3):
 PSYoungGen      total 380928K, used 370813K [0x000000076af80000, 0x0000000787600000, 0x00000007c0000000)
  eden space 321536K, 100% used [0x000000076af80000,0x000000077e980000,0x000000077e980000)
  from space 59392K, 82% used [0x0000000782a00000,0x0000000785a1f450,0x0000000786400000)
  to   space 66048K, 0% used [0x000000077e980000,0x000000077e980000,0x0000000782a00000)
 ParOldGen       total 286720K, used 109032K [0x00000006c0e00000, 0x00000006d2600000, 0x000000076af80000)
  object space 286720K, 38% used [0x00000006c0e00000,0x00000006c787a0e8,0x00000006d2600000)
 Metaspace       used 29784K, capacity 30055K, committed 30464K, reserved 1075200K
  class space    used 3690K, capacity 3797K, committed 3840K, reserved 1048576K
Event: 8.454 GC heap after
Heap after GC invocations=16 (full 3):
 PSYoungGen      total 387584K, used 44764K [0x000000076af80000, 0x000000078e000000, 0x00000007c0000000)
  eden space 321536K, 0% used [0x000000076af80000,0x000000076af80000,0x000000077e980000)
  from space 66048K, 67% used [0x000000077e980000,0x00000007815373d0,0x0000000782a00000)
  to   space 69632K, 0% used [0x0000000789c00000,0x0000000789c00000,0x000000078e000000)
 ParOldGen       total 286720K, used 109040K [0x00000006c0e00000, 0x00000006d2600000, 0x000000076af80000)
  object space 286720K, 38% used [0x00000006c0e00000,0x00000006c787c0e8,0x00000006d2600000)
 Metaspace       used 29784K, capacity 30055K, committed 30464K, reserved 1075200K
  class space    used 3690K, capacity 3797K, committed 3840K, reserved 1048576K
}
Event: 9.039 GC heap before
{Heap before GC invocations=17 (full 3):
 PSYoungGen      total 387584K, used 366300K [0x000000076af80000, 0x000000078e000000, 0x00000007c0000000)
  eden space 321536K, 100% used [0x000000076af80000,0x000000077e980000,0x000000077e980000)
  from space 66048K, 67% used [0x000000077e980000,0x00000007815373d0,0x0000000782a00000)
  to   space 69632K, 0% used [0x0000000789c00000,0x0000000789c00000,0x000000078e000000)
 ParOldGen       total 286720K, used 109040K [0x00000006c0e00000, 0x00000006d2600000, 0x000000076af80000)
  object space 286720K, 38% used [0x00000006c0e00000,0x00000006c787c0e8,0x00000006d2600000)
 Metaspace       used 36014K, capacity 36321K, committed 36864K, reserved 1081344K
  class space    used 5395K, capacity 5536K, committed 5632K, reserved 1048576K
Event: 9.056 GC heap after
Heap after GC invocations=17 (full 3):
 PSYoungGen      total 506368K, used 13647K [0x000000076af80000, 0x000000078e180000, 0x00000007c0000000)
  eden space 436736K, 0% used [0x000000076af80000,0x000000076af80000,0x0000000785a00000)
  from space 69632K, 19% used [0x0000000789c00000,0x000000078a953d20,0x000000078e000000)
  to   space 67584K, 0% used [0x0000000785a00000,0x0000000785a00000,0x0000000789c00000)
 ParOldGen       total 286720K, used 149730K [0x00000006c0e00000, 0x00000006d2600000, 0x000000076af80000)
  object space 286720K, 52% used [0x00000006c0e00000,0x00000006ca038bc8,0x00000006d2600000)
 Metaspace       used 36014K, capacity 36321K, committed 36864K, reserved 1081344K
  class space    used 5395K, capacity 5536K, committed 5632K, reserved 1048576K
}

