# JRE version: Java(TM) SE Runtime Environment (8.0_202-b08) (build 1.8.0_202-b08)
# Java VM: Java HotSpot(TM) 64-Bit Server VM (25.202-b08 mixed mode windows-amd64 compressed oops)
Heap:
 PSYoungGen      total 556032K, used 250421K [0x000000076af80000, 0x0000000791780000, 0x00000007c0000000)
  eden space 495616K, 47% used [0x000000076af80000,0x000000077956d4e0,0x0000000789380000)
  from space 60416K, 24% used [0x000000078dc80000,0x000000078eb20130,0x0000000791780000)
  to   space 67584K, 0% used [0x0000000789380000,0x0000000789380000,0x000000078d580000)
 ParOldGen       total 294912K, used 168482K [0x00000006c0e00000, 0x00000006d2e00000, 0x000000076af80000)
  object space 294912K, 57% used [0x00000006c0e00000,0x00000006cb288870,0x00000006d2e00000)
 Metaspace       used 43296K, capacity 43663K, committed 44160K, reserved 1085440K
  class space    used 7363K, capacity 7493K, committed 7552K, reserved 1048576K
GC Heap History (10 events):
Event: 6.686 GC heap before
{Heap before GC invocations=13 (full 2):
 PSYoungGen      total 303104K, used 303102K [0x000000076af80000, 0x0000000784480000, 0x00000007c0000000)
  eden space 280576K, 100% used [0x000000076af80000,0x000000077c180000,0x000000077c180000)
  from space 22528K, 99% used [0x000000077ea00000,0x000000077ffffb70,0x0000000780000000)
  to   space 41472K, 0% used [0x000000077c180000,0x000000077c180000,0x000000077ea00000)
 ParOldGen       total 126464K, used 86187K [0x00000006c0e00000, 0x00000006c8980000, 0x000000076af80000)
  object space 126464K, 68% used [0x00000006c0e00000,0x00000006c622add0,0x00000006c8980000)
 Metaspace       used 25879K, capacity 26109K, committed 26624K, reserved 1073152K
  class space    used 3110K, capacity 3210K, committed 3328K, reserved 1048576K
Event: 6.716 GC heap after
Heap after GC invocations=13 (full 2):
 PSYoungGen      total 322048K, used 41469K [0x000000076af80000, 0x0000000789900000, 0x00000007c0000000)
  eden space 280576K, 0% used [0x000000076af80000,0x000000076af80000,0x000000077c180000)
  from space 41472K, 99% used [0x000000077c180000,0x000000077e9ff788,0x000000077ea00000)
  to   space 62464K, 0% used [0x0000000785c00000,0x0000000785c00000,0x0000000789900000)
 ParOldGen       total 126464K, used 125383K [0x00000006c0e00000, 0x00000006c8980000, 0x000000076af80000)
  object space 126464K, 99% used [0x00000006c0e00000,0x00000006c8871dd8,0x00000006c8980000)
 Metaspace       used 25879K, capacity 26109K, committed 26624K, reserved 1073152K
  class space    used 3110K, capacity 3210K, committed 3328K, reserved 1048576K
}
Event: 6.716 GC heap before
{Heap before GC invocations=14 (full 3):
 PSYoungGen      total 322048K, used 41469K [0x000000076af80000, 0x0000000789900000, 0x00000007c0000000)
  eden space 280576K, 0% used [0x000000076af80000,0x000000076af80000,0x000000077c180000)
  from space 41472K, 99% used [0x000000077c180000,0x000000077e9ff788,0x000000077ea00000)
  to   space 62464K, 0% used [0x0000000785c00000,0x0000000785c00000,0x0000000789900000)
 ParOldGen       total 126464K, used 125383K [0x00000006c0e00000, 0x00000006c8980000, 0x000000076af80000)
  object space 126464K, 99% used [0x00000006c0e00000,0x00000006c8871dd8,0x00000006c8980000)
 Metaspace       used 25879K, capacity 26109K, committed 26624K, reserved 1073152K
  class space    used 3110K, capacity 3210K, committed 3328K, reserved 1048576K
Event: 6.765 GC heap after
Heap after GC invocations=14 (full 3):
 PSYoungGen      total 322048K, used 0K [0x000000076af80000, 0x0000000789900000, 0x00000007c0000000)
  eden space 280576K, 0% used [0x000000076af80000,0x000000076af80000,0x000000077c180000)
  from space 41472K, 0% used [0x000000077c180000,0x000000077c180000,0x000000077ea00000)
  to   space 62464K, 0% used [0x0000000785c00000,0x0000000785c00000,0x0000000789900000)
 ParOldGen       total 294912K, used 125478K [0x00000006c0e00000, 0x00000006d2e00000, 0x000000076af80000)
  object space 294912K, 42% used [0x00000006c0e00000,0x00000006c88899d0,0x00000006d2e00000)
 Metaspace       used 25879K, capacity 26109K, committed 26624K, reserved 1073152K
  class space    used 3110K, capacity 3210K, committed 3328K, reserved 1048576K
}
Event: 7.495 GC heap before
{Heap before GC invocations=15 (full 3):
 PSYoungGen      total 322048K, used 280576K [0x000000076af80000, 0x0000000789900000, 0x00000007c0000000)
  eden space 280576K, 100% used [0x000000076af80000,0x000000077c180000,0x000000077c180000)
  from space 41472K, 0% used [0x000000077c180000,0x000000077c180000,0x000000077ea00000)
  to   space 62464K, 0% used [0x0000000785c00000,0x0000000785c00000,0x0000000789900000)
 ParOldGen       total 294912K, used 125478K [0x00000006c0e00000, 0x00000006d2e00000, 0x000000076af80000)
  object space 294912K, 42% used [0x00000006c0e00000,0x00000006c88899d0,0x00000006d2e00000)
 Metaspace       used 26303K, capacity 26627K, committed 26880K, reserved 1073152K
  class space    used 3170K, capacity 3275K, committed 3328K, reserved 1048576K
Event: 7.520 GC heap after
Heap after GC invocations=15 (full 3):
 PSYoungGen      total 428544K, used 60634K [0x000000076af80000, 0x000000078b680000, 0x00000007c0000000)
  eden space 366080K, 0% used [0x000000076af80000,0x000000076af80000,0x0000000781500000)
  from space 62464K, 97% used [0x0000000785c00000,0x0000000789736898,0x0000000789900000)
  to   space 72704K, 0% used [0x0000000781500000,0x0000000781500000,0x0000000785c00000)
 ParOldGen       total 294912K, used 125486K [0x00000006c0e00000, 0x00000006d2e00000, 0x000000076af80000)
  object space 294912K, 42% used [0x00000006c0e00000,0x00000006c888b9d0,0x00000006d2e00000)
 Metaspace       used 26303K, capacity 26627K, committed 26880K, reserved 1073152K
  class space    used 3170K, capacity 3275K, committed 3328K, reserved 1048576K
}
Event: 8.312 GC heap before
{Heap before GC invocations=16 (full 3):
 PSYoungGen      total 428544K, used 426714K [0x000000076af80000, 0x000000078b680000, 0x00000007c0000000)
  eden space 366080K, 100% used [0x000000076af80000,0x0000000781500000,0x0000000781500000)
  from space 62464K, 97% used [0x0000000785c00000,0x0000000789736898,0x0000000789900000)
  to   space 72704K, 0% used [0x0000000781500000,0x0000000781500000,0x0000000785c00000)
 ParOldGen       total 294912K, used 125486K [0x00000006c0e00000, 0x00000006d2e00000, 0x000000076af80000)
  object space 294912K, 42% used [0x00000006c0e00000,0x00000006c888b9d0,0x00000006d2e00000)
 Metaspace       used 33082K, capacity 33393K, committed 33792K, reserved 1079296K
  class space    used 4411K, capacity 4504K, committed 4608K, reserved 1048576K
Event: 8.325 GC heap after
Heap after GC invocations=16 (full 3):
 PSYoungGen      total 438784K, used 17220K [0x000000076af80000, 0x0000000792080000, 0x00000007c0000000)
  eden space 366080K, 0% used [0x000000076af80000,0x000000076af80000,0x0000000781500000)
  from space 72704K, 23% used [0x0000000781500000,0x00000007825d13d8,0x0000000785c00000)
  to   space 69632K, 0% used [0x000000078dc80000,0x000000078dc80000,0x0000000792080000)
 ParOldGen       total 294912K, used 157117K [0x00000006c0e00000, 0x00000006d2e00000, 0x000000076af80000)
  object space 294912K, 53% used [0x00000006c0e00000,0x00000006ca76f490,0x00000006d2e00000)
 Metaspace       used 33082K, capacity 33393K, committed 33792K, reserved 1079296K
  class space    used 4411K, capacity 4504K, committed 4608K, reserved 1048576K
}
Event: 8.934 GC heap before
{Heap before GC invocations=17 (full 3):
 PSYoungGen      total 438784K, used 383300K [0x000000076af80000, 0x0000000792080000, 0x00000007c0000000)
  eden space 366080K, 100% used [0x000000076af80000,0x0000000781500000,0x0000000781500000)
  from space 72704K, 23% used [0x0000000781500000,0x00000007825d13d8,0x0000000785c00000)
  to   space 69632K, 0% used [0x000000078dc80000,0x000000078dc80000,0x0000000792080000)
 ParOldGen       total 294912K, used 157117K [0x00000006c0e00000, 0x00000006d2e00000, 0x000000076af80000)
  object space 294912K, 53% used [0x00000006c0e00000,0x00000006ca76f490,0x00000006d2e00000)
 Metaspace       used 40071K, capacity 40385K, committed 40832K, reserved 1083392K
  class space    used 6854K, capacity 6976K, committed 7040K, reserved 1048576K
Event: 8.942 GC heap after
Heap after GC invocations=17 (full 3):
 PSYoungGen      total 556032K, used 14976K [0x000000076af80000, 0x0000000791780000, 0x00000007c0000000)
  eden space 495616K, 0% used [0x000000076af80000,0x000000076af80000,0x0000000789380000)
  from space 60416K, 24% used [0x000000078dc80000,0x000000078eb20130,0x0000000791780000)
  to   space 67584K, 0% used [0x0000000789380000,0x0000000789380000,0x000000078d580000)
 ParOldGen       total 294912K, used 168482K [0x00000006c0e00000, 0x00000006d2e00000, 0x000000076af80000)
  object space 294912K, 57% used [0x00000006c0e00000,0x00000006cb288870,0x00000006d2e00000)
 Metaspace       used 40071K, capacity 40385K, committed 40832K, reserved 1083392K
  class space    used 6854K, capacity 6976K, committed 7040K, reserved 1048576K
}

